<?xml version="1.0" encoding="UTF-8" standalone="no"?>
<testsuite failures="0" name="cucumber.runtime.formatter.JUnitFormatter" skipped="0" tests="1" time="3.831843">
    <testcase classname="Check CRUD operations" name="Create a new Computer" time="3.831843">
        <system-out>
            <![CDATA[Given user is on homepage...................................................passed
When user clicks on "Add a new computer" button.............................passed
And adds new computer details...............................................passed
Then success message is displayed...........................................passed
]]>
        </system-out>
    </testcase>
</testsuite>
